Change Component Designator: Old Designator=B? New Designator=B1
Change Component Designator: Old Designator=C? New Designator=C231
Change Component Designator: Old Designator=C? New Designator=C232
Change Component Designator: Old Designator=C? New Designator=C233
Change Component Designator: Old Designator=C? New Designator=C234
Change Component Designator: Old Designator=C? New Designator=C235
Change Component Designator: Old Designator=C? New Designator=C236
Change Component Designator: Old Designator=C? New Designator=C237
Change Component Designator: Old Designator=C? New Designator=C238
Change Component Designator: Old Designator=C? New Designator=C239
Change Component Designator: Old Designator=C? New Designator=C240
Change Component Designator: Old Designator=C? New Designator=C241
Change Component Designator: Old Designator=C? New Designator=C242
Change Component Designator: Old Designator=C? New Designator=C243
Change Component Designator: Old Designator=C? New Designator=C244
Change Component Designator: Old Designator=D? New Designator=D4
Change Component Designator: Old Designator=J? New Designator=J3
Change Component Designator: Old Designator=R? New Designator=R63
Change Component Designator: Old Designator=R? New Designator=R64
Change Component Designator: Old Designator=R? New Designator=R65
Change Component Designator: Old Designator=R? New Designator=R66
Change Component Designator: Old Designator=R? New Designator=R67
Change Component Designator: Old Designator=R? New Designator=R68
Change Component Designator: Old Designator=U? New Designator=U10
