Added Component: Designator=C1(CAP_0603)
Add component (AddParameter): Name = "Case/Package"; Value = "0603"; VariantName = "[No Variations]"
Add component (AddParameter): Name = "Manufacturer"; Value = "Murata Electronics"; VariantName = "[No Variations]"
Add component (AddParameter): Name = "Manufacturer Part Number"; Value = "GRM188R61A226ME15D"; VariantName = "[No Variations]"
Add component (AddParameter): Name = "Supplier-1"; Value = "Digikey"; VariantName = "[No Variations]"
Added Component: Designator=C2(CAP_0603)
Add component (AddParameter): Name = "Case/Package"; Value = "0603"; VariantName = "[No Variations]"
Add component (AddParameter): Name = "Manufacturer"; Value = "Murata Electronics"; VariantName = "[No Variations]"
Add component (AddParameter): Name = "Manufacturer Part Number"; Value = "GRM188R61A106KE69J"; VariantName = "[No Variations]"
Add component (AddParameter): Name = "Supplier-1"; Value = "Digikey"; VariantName = "[No Variations]"
Added Component: Designator=C3(CAP_0201)
Add component (AddParameter): Name = "Case/Package"; Value = "0201"; VariantName = "[No Variations]"
Add component (AddParameter): Name = "Manufacturer"; Value = "TDK Corporation"; VariantName = "[No Variations]"
Add component (AddParameter): Name = "Manufacturer Part Number"; Value = "C0603X5R1E104K030BB"; VariantName = "[No Variations]"
Add component (AddParameter): Name = "Supplier-1"; Value = "Digikey"; VariantName = "[No Variations]"
Added Component: Designator=C4(CAP_0201)
Add component (AddParameter): Name = "Case/Package"; Value = "0201"; VariantName = "[No Variations]"
Add component (AddParameter): Name = "Manufacturer"; Value = "TDK Corporation"; VariantName = "[No Variations]"
Add component (AddParameter): Name = "Manufacturer Part Number"; Value = "C0603X5R1E104K030BB"; VariantName = "[No Variations]"
Add component (AddParameter): Name = "Supplier-1"; Value = "Digikey"; VariantName = "[No Variations]"
Added Component: Designator=C5(CAP_0201)
Add component (AddParameter): Name = "Case/Package"; Value = "0201"; VariantName = "[No Variations]"
Add component (AddParameter): Name = "Manufacturer"; Value = "TDK Corporation"; VariantName = "[No Variations]"
Add component (AddParameter): Name = "Manufacturer Part Number"; Value = "C0603X5R1E104K030BB"; VariantName = "[No Variations]"
Add component (AddParameter): Name = "Supplier-1"; Value = "Digikey"; VariantName = "[No Variations]"
Added Component: Designator=C6(CAP_0201)
Add component (AddParameter): Name = "Case/Package"; Value = "0201"; VariantName = "[No Variations]"
Add component (AddParameter): Name = "Manufacturer"; Value = "TDK Corporation"; VariantName = "[No Variations]"
Add component (AddParameter): Name = "Manufacturer Part Number"; Value = "C0603X5R1E104K030BB"; VariantName = "[No Variations]"
Add component (AddParameter): Name = "Supplier-1"; Value = "Digikey"; VariantName = "[No Variations]"
Added Component: Designator=C7(CAP_0201)
Add component (AddParameter): Name = "Case/Package"; Value = "0201"; VariantName = "[No Variations]"
Add component (AddParameter): Name = "Manufacturer"; Value = "TDK Corporation"; VariantName = "[No Variations]"
Add component (AddParameter): Name = "Manufacturer Part Number"; Value = "C0603X5R1E104K030BB"; VariantName = "[No Variations]"
Add component (AddParameter): Name = "Supplier-1"; Value = "Digikey"; VariantName = "[No Variations]"
Added Component: Designator=C8(CAP_0201)
Add component (AddParameter): Name = "Case/Package"; Value = "0201"; VariantName = "[No Variations]"
Add component (AddParameter): Name = "Manufacturer"; Value = "TDK Corporation"; VariantName = "[No Variations]"
Add component (AddParameter): Name = "Manufacturer Part Number"; Value = "C0603X5R1E104K030BB"; VariantName = "[No Variations]"
Add component (AddParameter): Name = "Supplier-1"; Value = "Digikey"; VariantName = "[No Variations]"
Added Component: Designator=C9(CAP_0201)
Add component (AddParameter): Name = "Case/Package"; Value = "0201"; VariantName = "[No Variations]"
Add component (AddParameter): Name = "Manufacturer"; Value = "TDK Corporation"; VariantName = "[No Variations]"
Add component (AddParameter): Name = "Manufacturer Part Number"; Value = "C0603X5R1E104K030BB"; VariantName = "[No Variations]"
Add component (AddParameter): Name = "Supplier-1"; Value = "Digikey"; VariantName = "[No Variations]"
Added Component: Designator=C10(CAP_0201)
Add component (AddParameter): Name = "Case/Package"; Value = "0201"; VariantName = "[No Variations]"
Add component (AddParameter): Name = "Manufacturer"; Value = "TDK Corporation"; VariantName = "[No Variations]"
Add component (AddParameter): Name = "Manufacturer Part Number"; Value = "C0603X5R1E104K030BB"; VariantName = "[No Variations]"
Add component (AddParameter): Name = "Supplier-1"; Value = "Digikey"; VariantName = "[No Variations]"
Added Component: Designator=C11(CAP_0603)
Add component (AddParameter): Name = "Case/Package"; Value = "0603"; VariantName = "[No Variations]"
Add component (AddParameter): Name = "Manufacturer"; Value = "Murata Electronics"; VariantName = "[No Variations]"
Add component (AddParameter): Name = "Manufacturer Part Number"; Value = "GRM188R61A226ME15D"; VariantName = "[No Variations]"
Add component (AddParameter): Name = "Supplier-1"; Value = "Digikey"; VariantName = "[No Variations]"
Added Component: Designator=C12(CAP_0603)
Add component (AddParameter): Name = "Case/Package"; Value = "0603"; VariantName = "[No Variations]"
Add component (AddParameter): Name = "Manufacturer"; Value = "Murata Electronics"; VariantName = "[No Variations]"
Add component (AddParameter): Name = "Manufacturer Part Number"; Value = "GRM188R61A106KE69J"; VariantName = "[No Variations]"
Add component (AddParameter): Name = "Supplier-1"; Value = "Digikey"; VariantName = "[No Variations]"
Added Component: Designator=C13(CAP_0201)
Add component (AddParameter): Name = "Case/Package"; Value = "0201"; VariantName = "[No Variations]"
Add component (AddParameter): Name = "Manufacturer"; Value = "TDK Corporation"; VariantName = "[No Variations]"
Add component (AddParameter): Name = "Manufacturer Part Number"; Value = "C0603X5R1E104K030BB"; VariantName = "[No Variations]"
Add component (AddParameter): Name = "Supplier-1"; Value = "Digikey"; VariantName = "[No Variations]"
Added Component: Designator=C14(CAP_0201)
Add component (AddParameter): Name = "Case/Package"; Value = "0201"; VariantName = "[No Variations]"
Add component (AddParameter): Name = "Manufacturer"; Value = "TDK Corporation"; VariantName = "[No Variations]"
Add component (AddParameter): Name = "Manufacturer Part Number"; Value = "C0603X5R1E104K030BB"; VariantName = "[No Variations]"
Add component (AddParameter): Name = "Supplier-1"; Value = "Digikey"; VariantName = "[No Variations]"
Added Component: Designator=C15(CAP_0201)
Add component (AddParameter): Name = "Case/Package"; Value = "0201"; VariantName = "[No Variations]"
Add component (AddParameter): Name = "Manufacturer"; Value = "TDK Corporation"; VariantName = "[No Variations]"
Add component (AddParameter): Name = "Manufacturer Part Number"; Value = "C0603X5R1E104K030BB"; VariantName = "[No Variations]"
Add component (AddParameter): Name = "Supplier-1"; Value = "Digikey"; VariantName = "[No Variations]"
Added Component: Designator=C16(CAP_0201)
Add component (AddParameter): Name = "Case/Package"; Value = "0201"; VariantName = "[No Variations]"
Add component (AddParameter): Name = "Manufacturer"; Value = "TDK Corporation"; VariantName = "[No Variations]"
Add component (AddParameter): Name = "Manufacturer Part Number"; Value = "C0603X5R1E104K030BB"; VariantName = "[No Variations]"
Add component (AddParameter): Name = "Supplier-1"; Value = "Digikey"; VariantName = "[No Variations]"
Added Component: Designator=C17(CAP_0201)
Add component (AddParameter): Name = "Case/Package"; Value = "0201"; VariantName = "[No Variations]"
Add component (AddParameter): Name = "Manufacturer"; Value = "TDK Corporation"; VariantName = "[No Variations]"
Add component (AddParameter): Name = "Manufacturer Part Number"; Value = "C0603X5R1E104K030BB"; VariantName = "[No Variations]"
Add component (AddParameter): Name = "Supplier-1"; Value = "Digikey"; VariantName = "[No Variations]"
Added Component: Designator=C18(CAP_0201)
Add component (AddParameter): Name = "Case/Package"; Value = "0201"; VariantName = "[No Variations]"
Add component (AddParameter): Name = "Manufacturer"; Value = "TDK Corporation"; VariantName = "[No Variations]"
Add component (AddParameter): Name = "Manufacturer Part Number"; Value = "C0603X5R1E104K030BB"; VariantName = "[No Variations]"
Add component (AddParameter): Name = "Supplier-1"; Value = "Digikey"; VariantName = "[No Variations]"
Added Component: Designator=C19(CAP_0201)
Add component (AddParameter): Name = "Case/Package"; Value = "0201"; VariantName = "[No Variations]"
Add component (AddParameter): Name = "Manufacturer"; Value = "TDK Corporation"; VariantName = "[No Variations]"
Add component (AddParameter): Name = "Manufacturer Part Number"; Value = "C0603X5R1E104K030BB"; VariantName = "[No Variations]"
Add component (AddParameter): Name = "Supplier-1"; Value = "Digikey"; VariantName = "[No Variations]"
Added Component: Designator=C20(CAP_0201)
Add component (AddParameter): Name = "Case/Package"; Value = "0201"; VariantName = "[No Variations]"
Add component (AddParameter): Name = "Manufacturer"; Value = "TDK Corporation"; VariantName = "[No Variations]"
Add component (AddParameter): Name = "Manufacturer Part Number"; Value = "C0603X5R1E104K030BB"; VariantName = "[No Variations]"
Add component (AddParameter): Name = "Supplier-1"; Value = "Digikey"; VariantName = "[No Variations]"
Added Component: Designator=C21(CAP_0603)
Add component (AddParameter): Name = "Case/Package"; Value = "0603"; VariantName = "[No Variations]"
Add component (AddParameter): Name = "Manufacturer"; Value = "Murata Electronics"; VariantName = "[No Variations]"
Add component (AddParameter): Name = "Manufacturer Part Number"; Value = "GRM188R61A226ME15D"; VariantName = "[No Variations]"
Add component (AddParameter): Name = "Supplier-1"; Value = "Digikey"; VariantName = "[No Variations]"
Added Component: Designator=C22(CAP_0603)
Add component (AddParameter): Name = "Case/Package"; Value = "0603"; VariantName = "[No Variations]"
Add component (AddParameter): Name = "Manufacturer"; Value = "Murata Electronics"; VariantName = "[No Variations]"
Add component (AddParameter): Name = "Manufacturer Part Number"; Value = "GRM188R61A106KE69J"; VariantName = "[No Variations]"
Add component (AddParameter): Name = "Supplier-1"; Value = "Digikey"; VariantName = "[No Variations]"
Added Component: Designator=C23(CAP_0201)
Add component (AddParameter): Name = "Case/Package"; Value = "0201"; VariantName = "[No Variations]"
Add component (AddParameter): Name = "Manufacturer"; Value = "TDK Corporation"; VariantName = "[No Variations]"
Add component (AddParameter): Name = "Manufacturer Part Number"; Value = "C0603X5R1E104K030BB"; VariantName = "[No Variations]"
Add component (AddParameter): Name = "Supplier-1"; Value = "Digikey"; VariantName = "[No Variations]"
Added Component: Designator=C24(CAP_0201)
Add component (AddParameter): Name = "Case/Package"; Value = "0201"; VariantName = "[No Variations]"
Add component (AddParameter): Name = "Manufacturer"; Value = "TDK Corporation"; VariantName = "[No Variations]"
Add component (AddParameter): Name = "Manufacturer Part Number"; Value = "C0603X5R1E104K030BB"; VariantName = "[No Variations]"
Add component (AddParameter): Name = "Supplier-1"; Value = "Digikey"; VariantName = "[No Variations]"
Added Component: Designator=C25(CAP_0201)
Add component (AddParameter): Name = "Case/Package"; Value = "0201"; VariantName = "[No Variations]"
Add component (AddParameter): Name = "Manufacturer"; Value = "TDK Corporation"; VariantName = "[No Variations]"
Add component (AddParameter): Name = "Manufacturer Part Number"; Value = "C0603X5R1E104K030BB"; VariantName = "[No Variations]"
Add component (AddParameter): Name = "Supplier-1"; Value = "Digikey"; VariantName = "[No Variations]"
Added Component: Designator=C26(CAP_0201)
Add component (AddParameter): Name = "Case/Package"; Value = "0201"; VariantName = "[No Variations]"
Add component (AddParameter): Name = "Manufacturer"; Value = "TDK Corporation"; VariantName = "[No Variations]"
Add component (AddParameter): Name = "Manufacturer Part Number"; Value = "C0603X5R1E104K030BB"; VariantName = "[No Variations]"
Add component (AddParameter): Name = "Supplier-1"; Value = "Digikey"; VariantName = "[No Variations]"
Added Component: Designator=C27(CAP_0201)
Add component (AddParameter): Name = "Case/Package"; Value = "0201"; VariantName = "[No Variations]"
Add component (AddParameter): Name = "Manufacturer"; Value = "TDK Corporation"; VariantName = "[No Variations]"
Add component (AddParameter): Name = "Manufacturer Part Number"; Value = "C0603X5R1E104K030BB"; VariantName = "[No Variations]"
Add component (AddParameter): Name = "Supplier-1"; Value = "Digikey"; VariantName = "[No Variations]"
Added Component: Designator=C28(CAP_0201)
Add component (AddParameter): Name = "Case/Package"; Value = "0201"; VariantName = "[No Variations]"
Add component (AddParameter): Name = "Manufacturer"; Value = "TDK Corporation"; VariantName = "[No Variations]"
Add component (AddParameter): Name = "Manufacturer Part Number"; Value = "C0603X5R1E104K030BB"; VariantName = "[No Variations]"
Add component (AddParameter): Name = "Supplier-1"; Value = "Digikey"; VariantName = "[No Variations]"
Added Component: Designator=C29(CAP_0201)
Add component (AddParameter): Name = "Case/Package"; Value = "0201"; VariantName = "[No Variations]"
Add component (AddParameter): Name = "Manufacturer"; Value = "TDK Corporation"; VariantName = "[No Variations]"
Add component (AddParameter): Name = "Manufacturer Part Number"; Value = "C0603X5R1E104K030BB"; VariantName = "[No Variations]"
Add component (AddParameter): Name = "Supplier-1"; Value = "Digikey"; VariantName = "[No Variations]"
Added Component: Designator=C30(CAP_0201)
Add component (AddParameter): Name = "Case/Package"; Value = "0201"; VariantName = "[No Variations]"
Add component (AddParameter): Name = "Manufacturer"; Value = "TDK Corporation"; VariantName = "[No Variations]"
Add component (AddParameter): Name = "Manufacturer Part Number"; Value = "C0603X5R1E104K030BB"; VariantName = "[No Variations]"
Add component (AddParameter): Name = "Supplier-1"; Value = "Digikey"; VariantName = "[No Variations]"
Added Component: Designator=C31(CAP_0603)
Add component (AddParameter): Name = "Case/Package"; Value = "0603"; VariantName = "[No Variations]"
Add component (AddParameter): Name = "Manufacturer"; Value = "Murata Electronics"; VariantName = "[No Variations]"
Add component (AddParameter): Name = "Manufacturer Part Number"; Value = "GRM188R61A226ME15D"; VariantName = "[No Variations]"
Add component (AddParameter): Name = "Supplier-1"; Value = "Digikey"; VariantName = "[No Variations]"
Added Component: Designator=C32(CAP_0603)
Add component (AddParameter): Name = "Case/Package"; Value = "0603"; VariantName = "[No Variations]"
Add component (AddParameter): Name = "Manufacturer"; Value = "Murata Electronics"; VariantName = "[No Variations]"
Add component (AddParameter): Name = "Manufacturer Part Number"; Value = "GRM188R61A106KE69J"; VariantName = "[No Variations]"
Add component (AddParameter): Name = "Supplier-1"; Value = "Digikey"; VariantName = "[No Variations]"
Added Component: Designator=C33(CAP_0201)
Add component (AddParameter): Name = "Case/Package"; Value = "0201"; VariantName = "[No Variations]"
Add component (AddParameter): Name = "Manufacturer"; Value = "TDK Corporation"; VariantName = "[No Variations]"
Add component (AddParameter): Name = "Manufacturer Part Number"; Value = "C0603X5R1E104K030BB"; VariantName = "[No Variations]"
Add component (AddParameter): Name = "Supplier-1"; Value = "Digikey"; VariantName = "[No Variations]"
Added Component: Designator=C34(CAP_0201)
Add component (AddParameter): Name = "Case/Package"; Value = "0201"; VariantName = "[No Variations]"
Add component (AddParameter): Name = "Manufacturer"; Value = "TDK Corporation"; VariantName = "[No Variations]"
Add component (AddParameter): Name = "Manufacturer Part Number"; Value = "C0603X5R1E104K030BB"; VariantName = "[No Variations]"
Add component (AddParameter): Name = "Supplier-1"; Value = "Digikey"; VariantName = "[No Variations]"
Added Component: Designator=C35(CAP_0201)
Add component (AddParameter): Name = "Case/Package"; Value = "0201"; VariantName = "[No Variations]"
Add component (AddParameter): Name = "Manufacturer"; Value = "TDK Corporation"; VariantName = "[No Variations]"
Add component (AddParameter): Name = "Manufacturer Part Number"; Value = "C0603X5R1E104K030BB"; VariantName = "[No Variations]"
Add component (AddParameter): Name = "Supplier-1"; Value = "Digikey"; VariantName = "[No Variations]"
Added Component: Designator=C36(CAP_0201)
Add component (AddParameter): Name = "Case/Package"; Value = "0201"; VariantName = "[No Variations]"
Add component (AddParameter): Name = "Manufacturer"; Value = "TDK Corporation"; VariantName = "[No Variations]"
Add component (AddParameter): Name = "Manufacturer Part Number"; Value = "C0603X5R1E104K030BB"; VariantName = "[No Variations]"
Add component (AddParameter): Name = "Supplier-1"; Value = "Digikey"; VariantName = "[No Variations]"
Added Component: Designator=C37(CAP_0201)
Add component (AddParameter): Name = "Case/Package"; Value = "0201"; VariantName = "[No Variations]"
Add component (AddParameter): Name = "Manufacturer"; Value = "TDK Corporation"; VariantName = "[No Variations]"
Add component (AddParameter): Name = "Manufacturer Part Number"; Value = "C0603X5R1E104K030BB"; VariantName = "[No Variations]"
Add component (AddParameter): Name = "Supplier-1"; Value = "Digikey"; VariantName = "[No Variations]"
Added Component: Designator=C38(CAP_0201)
Add component (AddParameter): Name = "Case/Package"; Value = "0201"; VariantName = "[No Variations]"
Add component (AddParameter): Name = "Manufacturer"; Value = "TDK Corporation"; VariantName = "[No Variations]"
Add component (AddParameter): Name = "Manufacturer Part Number"; Value = "C0603X5R1E104K030BB"; VariantName = "[No Variations]"
Add component (AddParameter): Name = "Supplier-1"; Value = "Digikey"; VariantName = "[No Variations]"
Added Component: Designator=C39(CAP_0201)
Add component (AddParameter): Name = "Case/Package"; Value = "0201"; VariantName = "[No Variations]"
Add component (AddParameter): Name = "Manufacturer"; Value = "TDK Corporation"; VariantName = "[No Variations]"
Add component (AddParameter): Name = "Manufacturer Part Number"; Value = "C0603X5R1E104K030BB"; VariantName = "[No Variations]"
Add component (AddParameter): Name = "Supplier-1"; Value = "Digikey"; VariantName = "[No Variations]"
Added Component: Designator=C40(CAP_0201)
Add component (AddParameter): Name = "Case/Package"; Value = "0201"; VariantName = "[No Variations]"
Add component (AddParameter): Name = "Manufacturer"; Value = "TDK Corporation"; VariantName = "[No Variations]"
Add component (AddParameter): Name = "Manufacturer Part Number"; Value = "C0603X5R1E104K030BB"; VariantName = "[No Variations]"
Add component (AddParameter): Name = "Supplier-1"; Value = "Digikey"; VariantName = "[No Variations]"
Added Component: Designator=C41(CAP_0603)
Add component (AddParameter): Name = "Case/Package"; Value = "0603"; VariantName = "[No Variations]"
Add component (AddParameter): Name = "Manufacturer"; Value = "Murata Electronics"; VariantName = "[No Variations]"
Add component (AddParameter): Name = "Manufacturer Part Number"; Value = "GRM188R61A226ME15D"; VariantName = "[No Variations]"
Add component (AddParameter): Name = "Supplier-1"; Value = "Digikey"; VariantName = "[No Variations]"
Added Component: Designator=C42(CAP_0603)
Add component (AddParameter): Name = "Case/Package"; Value = "0603"; VariantName = "[No Variations]"
Add component (AddParameter): Name = "Manufacturer"; Value = "Murata Electronics"; VariantName = "[No Variations]"
Add component (AddParameter): Name = "Manufacturer Part Number"; Value = "GRM188R61A106KE69J"; VariantName = "[No Variations]"
Add component (AddParameter): Name = "Supplier-1"; Value = "Digikey"; VariantName = "[No Variations]"
Added Component: Designator=C43(CAP_0201)
Add component (AddParameter): Name = "Case/Package"; Value = "0201"; VariantName = "[No Variations]"
Add component (AddParameter): Name = "Manufacturer"; Value = "TDK Corporation"; VariantName = "[No Variations]"
Add component (AddParameter): Name = "Manufacturer Part Number"; Value = "C0603X5R1E104K030BB"; VariantName = "[No Variations]"
Add component (AddParameter): Name = "Supplier-1"; Value = "Digikey"; VariantName = "[No Variations]"
Added Component: Designator=C44(CAP_0201)
Add component (AddParameter): Name = "Case/Package"; Value = "0201"; VariantName = "[No Variations]"
Add component (AddParameter): Name = "Manufacturer"; Value = "TDK Corporation"; VariantName = "[No Variations]"
Add component (AddParameter): Name = "Manufacturer Part Number"; Value = "C0603X5R1E104K030BB"; VariantName = "[No Variations]"
Add component (AddParameter): Name = "Supplier-1"; Value = "Digikey"; VariantName = "[No Variations]"
Added Component: Designator=C45(CAP_0201)
Add component (AddParameter): Name = "Case/Package"; Value = "0201"; VariantName = "[No Variations]"
Add component (AddParameter): Name = "Manufacturer"; Value = "TDK Corporation"; VariantName = "[No Variations]"
Add component (AddParameter): Name = "Manufacturer Part Number"; Value = "C0603X5R1E104K030BB"; VariantName = "[No Variations]"
Add component (AddParameter): Name = "Supplier-1"; Value = "Digikey"; VariantName = "[No Variations]"
Added Component: Designator=C46(CAP_0201)
Add component (AddParameter): Name = "Case/Package"; Value = "0201"; VariantName = "[No Variations]"
Add component (AddParameter): Name = "Manufacturer"; Value = "TDK Corporation"; VariantName = "[No Variations]"
Add component (AddParameter): Name = "Manufacturer Part Number"; Value = "C0603X5R1E104K030BB"; VariantName = "[No Variations]"
Add component (AddParameter): Name = "Supplier-1"; Value = "Digikey"; VariantName = "[No Variations]"
Added Component: Designator=C47(CAP_0201)
Add component (AddParameter): Name = "Case/Package"; Value = "0201"; VariantName = "[No Variations]"
Add component (AddParameter): Name = "Manufacturer"; Value = "TDK Corporation"; VariantName = "[No Variations]"
Add component (AddParameter): Name = "Manufacturer Part Number"; Value = "C0603X5R1E104K030BB"; VariantName = "[No Variations]"
Add component (AddParameter): Name = "Supplier-1"; Value = "Digikey"; VariantName = "[No Variations]"
Added Component: Designator=C48(CAP_0201)
Add component (AddParameter): Name = "Case/Package"; Value = "0201"; VariantName = "[No Variations]"
Add component (AddParameter): Name = "Manufacturer"; Value = "TDK Corporation"; VariantName = "[No Variations]"
Add component (AddParameter): Name = "Manufacturer Part Number"; Value = "C0603X5R1E104K030BB"; VariantName = "[No Variations]"
Add component (AddParameter): Name = "Supplier-1"; Value = "Digikey"; VariantName = "[No Variations]"
Added Component: Designator=C49(CAP_0201)
Add component (AddParameter): Name = "Case/Package"; Value = "0201"; VariantName = "[No Variations]"
Add component (AddParameter): Name = "Manufacturer"; Value = "TDK Corporation"; VariantName = "[No Variations]"
Add component (AddParameter): Name = "Manufacturer Part Number"; Value = "C0603X5R1E104K030BB"; VariantName = "[No Variations]"
Add component (AddParameter): Name = "Supplier-1"; Value = "Digikey"; VariantName = "[No Variations]"
Added Component: Designator=C50(CAP_0201)
Add component (AddParameter): Name = "Case/Package"; Value = "0201"; VariantName = "[No Variations]"
Add component (AddParameter): Name = "Manufacturer"; Value = "TDK Corporation"; VariantName = "[No Variations]"
Add component (AddParameter): Name = "Manufacturer Part Number"; Value = "C0603X5R1E104K030BB"; VariantName = "[No Variations]"
Add component (AddParameter): Name = "Supplier-1"; Value = "Digikey"; VariantName = "[No Variations]"
Added Component: Designator=C51(CAP_0603)
Add component (AddParameter): Name = "Case/Package"; Value = "0603"; VariantName = "[No Variations]"
Add component (AddParameter): Name = "Manufacturer"; Value = "Murata Electronics"; VariantName = "[No Variations]"
Add component (AddParameter): Name = "Manufacturer Part Number"; Value = "GRM188R61A226ME15D"; VariantName = "[No Variations]"
Add component (AddParameter): Name = "Supplier-1"; Value = "Digikey"; VariantName = "[No Variations]"
Added Component: Designator=C52(CAP_0603)
Add component (AddParameter): Name = "Case/Package"; Value = "0603"; VariantName = "[No Variations]"
Add component (AddParameter): Name = "Manufacturer"; Value = "Murata Electronics"; VariantName = "[No Variations]"
Add component (AddParameter): Name = "Manufacturer Part Number"; Value = "GRM188R61A106KE69J"; VariantName = "[No Variations]"
Add component (AddParameter): Name = "Supplier-1"; Value = "Digikey"; VariantName = "[No Variations]"
Added Component: Designator=C53(CAP_0201)
Add component (AddParameter): Name = "Case/Package"; Value = "0201"; VariantName = "[No Variations]"
Add component (AddParameter): Name = "Manufacturer"; Value = "TDK Corporation"; VariantName = "[No Variations]"
Add component (AddParameter): Name = "Manufacturer Part Number"; Value = "C0603X5R1E104K030BB"; VariantName = "[No Variations]"
Add component (AddParameter): Name = "Supplier-1"; Value = "Digikey"; VariantName = "[No Variations]"
Added Component: Designator=C54(CAP_0201)
Add component (AddParameter): Name = "Case/Package"; Value = "0201"; VariantName = "[No Variations]"
Add component (AddParameter): Name = "Manufacturer"; Value = "TDK Corporation"; VariantName = "[No Variations]"
Add component (AddParameter): Name = "Manufacturer Part Number"; Value = "C0603X5R1E104K030BB"; VariantName = "[No Variations]"
Add component (AddParameter): Name = "Supplier-1"; Value = "Digikey"; VariantName = "[No Variations]"
Added Component: Designator=C55(CAP_0201)
Add component (AddParameter): Name = "Case/Package"; Value = "0201"; VariantName = "[No Variations]"
Add component (AddParameter): Name = "Manufacturer"; Value = "TDK Corporation"; VariantName = "[No Variations]"
Add component (AddParameter): Name = "Manufacturer Part Number"; Value = "C0603X5R1E104K030BB"; VariantName = "[No Variations]"
Add component (AddParameter): Name = "Supplier-1"; Value = "Digikey"; VariantName = "[No Variations]"
Added Component: Designator=C56(CAP_0201)
Add component (AddParameter): Name = "Case/Package"; Value = "0201"; VariantName = "[No Variations]"
Add component (AddParameter): Name = "Manufacturer"; Value = "TDK Corporation"; VariantName = "[No Variations]"
Add component (AddParameter): Name = "Manufacturer Part Number"; Value = "C0603X5R1E104K030BB"; VariantName = "[No Variations]"
Add component (AddParameter): Name = "Supplier-1"; Value = "Digikey"; VariantName = "[No Variations]"
Added Component: Designator=C57(CAP_0201)
Add component (AddParameter): Name = "Case/Package"; Value = "0201"; VariantName = "[No Variations]"
Add component (AddParameter): Name = "Manufacturer"; Value = "TDK Corporation"; VariantName = "[No Variations]"
Add component (AddParameter): Name = "Manufacturer Part Number"; Value = "C0603X5R1E104K030BB"; VariantName = "[No Variations]"
Add component (AddParameter): Name = "Supplier-1"; Value = "Digikey"; VariantName = "[No Variations]"
Added Component: Designator=C58(CAP_0201)
Add component (AddParameter): Name = "Case/Package"; Value = "0201"; VariantName = "[No Variations]"
Add component (AddParameter): Name = "Manufacturer"; Value = "TDK Corporation"; VariantName = "[No Variations]"
Add component (AddParameter): Name = "Manufacturer Part Number"; Value = "C0603X5R1E104K030BB"; VariantName = "[No Variations]"
Add component (AddParameter): Name = "Supplier-1"; Value = "Digikey"; VariantName = "[No Variations]"
Added Component: Designator=C59(CAP_0201)
Add component (AddParameter): Name = "Case/Package"; Value = "0201"; VariantName = "[No Variations]"
Add component (AddParameter): Name = "Manufacturer"; Value = "TDK Corporation"; VariantName = "[No Variations]"
Add component (AddParameter): Name = "Manufacturer Part Number"; Value = "C0603X5R1E104K030BB"; VariantName = "[No Variations]"
Add component (AddParameter): Name = "Supplier-1"; Value = "Digikey"; VariantName = "[No Variations]"
Added Component: Designator=C60(CAP_0201)
Add component (AddParameter): Name = "Case/Package"; Value = "0201"; VariantName = "[No Variations]"
Add component (AddParameter): Name = "Manufacturer"; Value = "TDK Corporation"; VariantName = "[No Variations]"
Add component (AddParameter): Name = "Manufacturer Part Number"; Value = "C0603X5R1E104K030BB"; VariantName = "[No Variations]"
Add component (AddParameter): Name = "Supplier-1"; Value = "Digikey"; VariantName = "[No Variations]"
Added Component: Designator=C61(CAP_0603)
Add component (AddParameter): Name = "Case/Package"; Value = "0603"; VariantName = "[No Variations]"
Add component (AddParameter): Name = "Manufacturer"; Value = "Murata Electronics"; VariantName = "[No Variations]"
Add component (AddParameter): Name = "Manufacturer Part Number"; Value = "GRM188R61A226ME15D"; VariantName = "[No Variations]"
Add component (AddParameter): Name = "Supplier-1"; Value = "Digikey"; VariantName = "[No Variations]"
Added Component: Designator=C62(CAP_0603)
Add component (AddParameter): Name = "Case/Package"; Value = "0603"; VariantName = "[No Variations]"
Add component (AddParameter): Name = "Manufacturer"; Value = "Murata Electronics"; VariantName = "[No Variations]"
Add component (AddParameter): Name = "Manufacturer Part Number"; Value = "GRM188R61A106KE69J"; VariantName = "[No Variations]"
Add component (AddParameter): Name = "Supplier-1"; Value = "Digikey"; VariantName = "[No Variations]"
Added Component: Designator=C63(CAP_0201)
Add component (AddParameter): Name = "Case/Package"; Value = "0201"; VariantName = "[No Variations]"
Add component (AddParameter): Name = "Manufacturer"; Value = "TDK Corporation"; VariantName = "[No Variations]"
Add component (AddParameter): Name = "Manufacturer Part Number"; Value = "C0603X5R1E104K030BB"; VariantName = "[No Variations]"
Add component (AddParameter): Name = "Supplier-1"; Value = "Digikey"; VariantName = "[No Variations]"
Added Component: Designator=C64(CAP_0201)
Add component (AddParameter): Name = "Case/Package"; Value = "0201"; VariantName = "[No Variations]"
Add component (AddParameter): Name = "Manufacturer"; Value = "TDK Corporation"; VariantName = "[No Variations]"
Add component (AddParameter): Name = "Manufacturer Part Number"; Value = "C0603X5R1E104K030BB"; VariantName = "[No Variations]"
Add component (AddParameter): Name = "Supplier-1"; Value = "Digikey"; VariantName = "[No Variations]"
Added Component: Designator=C65(CAP_0201)
Add component (AddParameter): Name = "Case/Package"; Value = "0201"; VariantName = "[No Variations]"
Add component (AddParameter): Name = "Manufacturer"; Value = "TDK Corporation"; VariantName = "[No Variations]"
Add component (AddParameter): Name = "Manufacturer Part Number"; Value = "C0603X5R1E104K030BB"; VariantName = "[No Variations]"
Add component (AddParameter): Name = "Supplier-1"; Value = "Digikey"; VariantName = "[No Variations]"
Added Component: Designator=C66(CAP_0201)
Add component (AddParameter): Name = "Case/Package"; Value = "0201"; VariantName = "[No Variations]"
Add component (AddParameter): Name = "Manufacturer"; Value = "TDK Corporation"; VariantName = "[No Variations]"
Add component (AddParameter): Name = "Manufacturer Part Number"; Value = "C0603X5R1E104K030BB"; VariantName = "[No Variations]"
Add component (AddParameter): Name = "Supplier-1"; Value = "Digikey"; VariantName = "[No Variations]"
Added Component: Designator=C67(CAP_0201)
Add component (AddParameter): Name = "Case/Package"; Value = "0201"; VariantName = "[No Variations]"
Add component (AddParameter): Name = "Manufacturer"; Value = "TDK Corporation"; VariantName = "[No Variations]"
Add component (AddParameter): Name = "Manufacturer Part Number"; Value = "C0603X5R1E104K030BB"; VariantName = "[No Variations]"
Add component (AddParameter): Name = "Supplier-1"; Value = "Digikey"; VariantName = "[No Variations]"
Added Component: Designator=C68(CAP_0201)
Add component (AddParameter): Name = "Case/Package"; Value = "0201"; VariantName = "[No Variations]"
Add component (AddParameter): Name = "Manufacturer"; Value = "TDK Corporation"; VariantName = "[No Variations]"
Add component (AddParameter): Name = "Manufacturer Part Number"; Value = "C0603X5R1E104K030BB"; VariantName = "[No Variations]"
Add component (AddParameter): Name = "Supplier-1"; Value = "Digikey"; VariantName = "[No Variations]"
Added Component: Designator=C69(CAP_0201)
Add component (AddParameter): Name = "Case/Package"; Value = "0201"; VariantName = "[No Variations]"
Add component (AddParameter): Name = "Manufacturer"; Value = "TDK Corporation"; VariantName = "[No Variations]"
Add component (AddParameter): Name = "Manufacturer Part Number"; Value = "C0603X5R1E104K030BB"; VariantName = "[No Variations]"
Add component (AddParameter): Name = "Supplier-1"; Value = "Digikey"; VariantName = "[No Variations]"
Added Component: Designator=C70(CAP_0201)
Add component (AddParameter): Name = "Case/Package"; Value = "0201"; VariantName = "[No Variations]"
Add component (AddParameter): Name = "Manufacturer"; Value = "TDK Corporation"; VariantName = "[No Variations]"
Add component (AddParameter): Name = "Manufacturer Part Number"; Value = "C0603X5R1E104K030BB"; VariantName = "[No Variations]"
Add component (AddParameter): Name = "Supplier-1"; Value = "Digikey"; VariantName = "[No Variations]"
Added Component: Designator=C71(CAP_0603)
Add component (AddParameter): Name = "Case/Package"; Value = "0603"; VariantName = "[No Variations]"
Add component (AddParameter): Name = "Manufacturer"; Value = "Murata Electronics"; VariantName = "[No Variations]"
Add component (AddParameter): Name = "Manufacturer Part Number"; Value = "GRM188R61A226ME15D"; VariantName = "[No Variations]"
Add component (AddParameter): Name = "Supplier-1"; Value = "Digikey"; VariantName = "[No Variations]"
Added Component: Designator=C72(CAP_0603)
Add component (AddParameter): Name = "Case/Package"; Value = "0603"; VariantName = "[No Variations]"
Add component (AddParameter): Name = "Manufacturer"; Value = "Murata Electronics"; VariantName = "[No Variations]"
Add component (AddParameter): Name = "Manufacturer Part Number"; Value = "GRM188R61A106KE69J"; VariantName = "[No Variations]"
Add component (AddParameter): Name = "Supplier-1"; Value = "Digikey"; VariantName = "[No Variations]"
Added Component: Designator=C73(CAP_0201)
Add component (AddParameter): Name = "Case/Package"; Value = "0201"; VariantName = "[No Variations]"
Add component (AddParameter): Name = "Manufacturer"; Value = "TDK Corporation"; VariantName = "[No Variations]"
Add component (AddParameter): Name = "Manufacturer Part Number"; Value = "C0603X5R1E104K030BB"; VariantName = "[No Variations]"
Add component (AddParameter): Name = "Supplier-1"; Value = "Digikey"; VariantName = "[No Variations]"
Added Component: Designator=C74(CAP_0201)
Add component (AddParameter): Name = "Case/Package"; Value = "0201"; VariantName = "[No Variations]"
Add component (AddParameter): Name = "Manufacturer"; Value = "TDK Corporation"; VariantName = "[No Variations]"
Add component (AddParameter): Name = "Manufacturer Part Number"; Value = "C0603X5R1E104K030BB"; VariantName = "[No Variations]"
Add component (AddParameter): Name = "Supplier-1"; Value = "Digikey"; VariantName = "[No Variations]"
Added Component: Designator=C75(CAP_0201)
Add component (AddParameter): Name = "Case/Package"; Value = "0201"; VariantName = "[No Variations]"
Add component (AddParameter): Name = "Manufacturer"; Value = "TDK Corporation"; VariantName = "[No Variations]"
Add component (AddParameter): Name = "Manufacturer Part Number"; Value = "C0603X5R1E104K030BB"; VariantName = "[No Variations]"
Add component (AddParameter): Name = "Supplier-1"; Value = "Digikey"; VariantName = "[No Variations]"
Added Component: Designator=C76(CAP_0201)
Add component (AddParameter): Name = "Case/Package"; Value = "0201"; VariantName = "[No Variations]"
Add component (AddParameter): Name = "Manufacturer"; Value = "TDK Corporation"; VariantName = "[No Variations]"
Add component (AddParameter): Name = "Manufacturer Part Number"; Value = "C0603X5R1E104K030BB"; VariantName = "[No Variations]"
Add component (AddParameter): Name = "Supplier-1"; Value = "Digikey"; VariantName = "[No Variations]"
Added Component: Designator=C77(CAP_0201)
Add component (AddParameter): Name = "Case/Package"; Value = "0201"; VariantName = "[No Variations]"
Add component (AddParameter): Name = "Manufacturer"; Value = "TDK Corporation"; VariantName = "[No Variations]"
Add component (AddParameter): Name = "Manufacturer Part Number"; Value = "C0603X5R1E104K030BB"; VariantName = "[No Variations]"
Add component (AddParameter): Name = "Supplier-1"; Value = "Digikey"; VariantName = "[No Variations]"
Added Component: Designator=C78(CAP_0201)
Add component (AddParameter): Name = "Case/Package"; Value = "0201"; VariantName = "[No Variations]"
Add component (AddParameter): Name = "Manufacturer"; Value = "TDK Corporation"; VariantName = "[No Variations]"
Add component (AddParameter): Name = "Manufacturer Part Number"; Value = "C0603X5R1E104K030BB"; VariantName = "[No Variations]"
Add component (AddParameter): Name = "Supplier-1"; Value = "Digikey"; VariantName = "[No Variations]"
Added Component: Designator=C79(CAP_0201)
Add component (AddParameter): Name = "Case/Package"; Value = "0201"; VariantName = "[No Variations]"
Add component (AddParameter): Name = "Manufacturer"; Value = "TDK Corporation"; VariantName = "[No Variations]"
Add component (AddParameter): Name = "Manufacturer Part Number"; Value = "C0603X5R1E104K030BB"; VariantName = "[No Variations]"
Add component (AddParameter): Name = "Supplier-1"; Value = "Digikey"; VariantName = "[No Variations]"
Added Component: Designator=C80(CAP_0201)
Add component (AddParameter): Name = "Case/Package"; Value = "0201"; VariantName = "[No Variations]"
Add component (AddParameter): Name = "Manufacturer"; Value = "TDK Corporation"; VariantName = "[No Variations]"
Add component (AddParameter): Name = "Manufacturer Part Number"; Value = "C0603X5R1E104K030BB"; VariantName = "[No Variations]"
Add component (AddParameter): Name = "Supplier-1"; Value = "Digikey"; VariantName = "[No Variations]"
Added Component: Designator=C81(CAP_0603)
Add component (AddParameter): Name = "Case/Package"; Value = "0603"; VariantName = "[No Variations]"
Add component (AddParameter): Name = "Manufacturer"; Value = "Murata Electronics"; VariantName = "[No Variations]"
Add component (AddParameter): Name = "Manufacturer Part Number"; Value = "GRM188R61A106KE69J"; VariantName = "[No Variations]"
Add component (AddParameter): Name = "Supplier-1"; Value = "Digikey"; VariantName = "[No Variations]"
Added Component: Designator=C82(CAP_0201)
Add component (AddParameter): Name = "Case/Package"; Value = "0201"; VariantName = "[No Variations]"
Add component (AddParameter): Name = "Manufacturer"; Value = "TDK Corporation"; VariantName = "[No Variations]"
Add component (AddParameter): Name = "Manufacturer Part Number"; Value = "C0603X5R1E104K030BB"; VariantName = "[No Variations]"
Add component (AddParameter): Name = "Supplier-1"; Value = "Digikey"; VariantName = "[No Variations]"
Added Component: Designator=C83(CAP_0201)
Add component (AddParameter): Name = "Case/Package"; Value = "0201"; VariantName = "[No Variations]"
Add component (AddParameter): Name = "Manufacturer"; Value = "TDK Corporation"; VariantName = "[No Variations]"
Add component (AddParameter): Name = "Manufacturer Part Number"; Value = "C0603X5R1E104K030BB"; VariantName = "[No Variations]"
Add component (AddParameter): Name = "Supplier-1"; Value = "Digikey"; VariantName = "[No Variations]"
Added Component: Designator=C84(CAP_0201)
Add component (AddParameter): Name = "Case/Package"; Value = "0201"; VariantName = "[No Variations]"
Add component (AddParameter): Name = "Manufacturer"; Value = "TDK Corporation"; VariantName = "[No Variations]"
Add component (AddParameter): Name = "Manufacturer Part Number"; Value = "C0603X5R1E104K030BB"; VariantName = "[No Variations]"
Add component (AddParameter): Name = "Supplier-1"; Value = "Digikey"; VariantName = "[No Variations]"
Added Component: Designator=C85(CAP_0201)
Add component (AddParameter): Name = "Case/Package"; Value = "0201"; VariantName = "[No Variations]"
Add component (AddParameter): Name = "Manufacturer"; Value = "TDK Corporation"; VariantName = "[No Variations]"
Add component (AddParameter): Name = "Manufacturer Part Number"; Value = "C0603X5R1E104K030BB"; VariantName = "[No Variations]"
Add component (AddParameter): Name = "Supplier-1"; Value = "Digikey"; VariantName = "[No Variations]"
Added Component: Designator=C86(CAP_0201)
Add component (AddParameter): Name = "Case/Package"; Value = "0201"; VariantName = "[No Variations]"
Add component (AddParameter): Name = "Manufacturer"; Value = "TDK Corporation"; VariantName = "[No Variations]"
Add component (AddParameter): Name = "Manufacturer Part Number"; Value = "C0603X5R1E104K030BB"; VariantName = "[No Variations]"
Add component (AddParameter): Name = "Supplier-1"; Value = "Digikey"; VariantName = "[No Variations]"
Added Component: Designator=C87(CAP_0201)
Add component (AddParameter): Name = "Case/Package"; Value = "0201"; VariantName = "[No Variations]"
Add component (AddParameter): Name = "Manufacturer"; Value = "TDK Corporation"; VariantName = "[No Variations]"
Add component (AddParameter): Name = "Manufacturer Part Number"; Value = "C0603X5R1E104K030BB"; VariantName = "[No Variations]"
Add component (AddParameter): Name = "Supplier-1"; Value = "Digikey"; VariantName = "[No Variations]"
Added Component: Designator=C88(CAP_0201)
Add component (AddParameter): Name = "Case/Package"; Value = "0201"; VariantName = "[No Variations]"
Add component (AddParameter): Name = "Manufacturer"; Value = "TDK Corporation"; VariantName = "[No Variations]"
Add component (AddParameter): Name = "Manufacturer Part Number"; Value = "C0603X5R1E104K030BB"; VariantName = "[No Variations]"
Add component (AddParameter): Name = "Supplier-1"; Value = "Digikey"; VariantName = "[No Variations]"
Added Component: Designator=C89(CAP_0201)
Add component (AddParameter): Name = "Case/Package"; Value = "0201"; VariantName = "[No Variations]"
Add component (AddParameter): Name = "Manufacturer"; Value = "TDK Corporation"; VariantName = "[No Variations]"
Add component (AddParameter): Name = "Manufacturer Part Number"; Value = "C0603X5R1E104K030BB"; VariantName = "[No Variations]"
Add component (AddParameter): Name = "Supplier-1"; Value = "Digikey"; VariantName = "[No Variations]"
Added Component: Designator=C90(CAP_0603)
Add component (AddParameter): Name = "Case/Package"; Value = "0603"; VariantName = "[No Variations]"
Add component (AddParameter): Name = "Manufacturer"; Value = "Murata Electronics"; VariantName = "[No Variations]"
Add component (AddParameter): Name = "Manufacturer Part Number"; Value = "GRM188R61A106KE69J"; VariantName = "[No Variations]"
Add component (AddParameter): Name = "Supplier-1"; Value = "Digikey"; VariantName = "[No Variations]"
Added Component: Designator=C91(CAP_0201)
Add component (AddParameter): Name = "Case/Package"; Value = "0201"; VariantName = "[No Variations]"
Add component (AddParameter): Name = "Manufacturer"; Value = "TDK Corporation"; VariantName = "[No Variations]"
Add component (AddParameter): Name = "Manufacturer Part Number"; Value = "C0603X5R1E104K030BB"; VariantName = "[No Variations]"
Add component (AddParameter): Name = "Supplier-1"; Value = "Digikey"; VariantName = "[No Variations]"
Added Component: Designator=C92(CAP_0201)
Add component (AddParameter): Name = "Case/Package"; Value = "0201"; VariantName = "[No Variations]"
Add component (AddParameter): Name = "Manufacturer"; Value = "TDK Corporation"; VariantName = "[No Variations]"
Add component (AddParameter): Name = "Manufacturer Part Number"; Value = "C0603X5R1E104K030BB"; VariantName = "[No Variations]"
Add component (AddParameter): Name = "Supplier-1"; Value = "Digikey"; VariantName = "[No Variations]"
Added Component: Designator=C93(CAP_0201)
Add component (AddParameter): Name = "Case/Package"; Value = "0201"; VariantName = "[No Variations]"
Add component (AddParameter): Name = "Manufacturer"; Value = "TDK Corporation"; VariantName = "[No Variations]"
Add component (AddParameter): Name = "Manufacturer Part Number"; Value = "C0603X5R1E104K030BB"; VariantName = "[No Variations]"
Add component (AddParameter): Name = "Supplier-1"; Value = "Digikey"; VariantName = "[No Variations]"
Added Component: Designator=C94(CAP_0201)
Add component (AddParameter): Name = "Case/Package"; Value = "0201"; VariantName = "[No Variations]"
Add component (AddParameter): Name = "Manufacturer"; Value = "TDK Corporation"; VariantName = "[No Variations]"
Add component (AddParameter): Name = "Manufacturer Part Number"; Value = "C0603X5R1E104K030BB"; VariantName = "[No Variations]"
Add component (AddParameter): Name = "Supplier-1"; Value = "Digikey"; VariantName = "[No Variations]"
Added Component: Designator=C95(CAP_0201)
Add component (AddParameter): Name = "Case/Package"; Value = "0201"; VariantName = "[No Variations]"
Add component (AddParameter): Name = "Manufacturer"; Value = "TDK Corporation"; VariantName = "[No Variations]"
Add component (AddParameter): Name = "Manufacturer Part Number"; Value = "C0603X5R1E104K030BB"; VariantName = "[No Variations]"
Add component (AddParameter): Name = "Supplier-1"; Value = "Digikey"; VariantName = "[No Variations]"
Added Component: Designator=C96(CAP_0201)
Add component (AddParameter): Name = "Case/Package"; Value = "0201"; VariantName = "[No Variations]"
Add component (AddParameter): Name = "Manufacturer"; Value = "TDK Corporation"; VariantName = "[No Variations]"
Add component (AddParameter): Name = "Manufacturer Part Number"; Value = "C0603X5R1E104K030BB"; VariantName = "[No Variations]"
Add component (AddParameter): Name = "Supplier-1"; Value = "Digikey"; VariantName = "[No Variations]"
Added Component: Designator=C97(CAP_0201)
Add component (AddParameter): Name = "Case/Package"; Value = "0201"; VariantName = "[No Variations]"
Add component (AddParameter): Name = "Manufacturer"; Value = "TDK Corporation"; VariantName = "[No Variations]"
Add component (AddParameter): Name = "Manufacturer Part Number"; Value = "C0603X5R1E104K030BB"; VariantName = "[No Variations]"
Add component (AddParameter): Name = "Supplier-1"; Value = "Digikey"; VariantName = "[No Variations]"
Added Component: Designator=C98(CAP_0201)
Add component (AddParameter): Name = "Case/Package"; Value = "0201"; VariantName = "[No Variations]"
Add component (AddParameter): Name = "Manufacturer"; Value = "TDK Corporation"; VariantName = "[No Variations]"
Add component (AddParameter): Name = "Manufacturer Part Number"; Value = "C0603X5R1E104K030BB"; VariantName = "[No Variations]"
Add component (AddParameter): Name = "Supplier-1"; Value = "Digikey"; VariantName = "[No Variations]"
Added Component: Designator=R1(RES_0201)
Add component (AddParameter): Name = "Case/Package"; Value = "0201"; VariantName = "[No Variations]"
Add component (AddParameter): Name = "Manufacturer"; Value = "Stackpole Electronics Inc"; VariantName = "[No Variations]"
Add component (AddParameter): Name = "Manufacturer Part Number"; Value = "RMCF0201FT10K0"; VariantName = "[No Variations]"
Add component (AddParameter): Name = "Supplier-1"; Value = "Digikey"; VariantName = "[No Variations]"
Added Component: Designator=R2(RES_0201)
Add component (AddParameter): Name = "Case/Package"; Value = "0201"; VariantName = "[No Variations]"
Add component (AddParameter): Name = "Manufacturer"; Value = "Stackpole Electronics Inc"; VariantName = "[No Variations]"
Add component (AddParameter): Name = "Manufacturer Part Number"; Value = "RMCF0201FT10K0"; VariantName = "[No Variations]"
Add component (AddParameter): Name = "Supplier-1"; Value = "Digikey"; VariantName = "[No Variations]"
Added Component: Designator=R3(RES_0201)
Add component (AddParameter): Name = "Case/Package"; Value = "0201"; VariantName = "[No Variations]"
Add component (AddParameter): Name = "Manufacturer"; Value = "Stackpole Electronics Inc"; VariantName = "[No Variations]"
Add component (AddParameter): Name = "Manufacturer Part Number"; Value = "RMCF0201FT10K0"; VariantName = "[No Variations]"
Add component (AddParameter): Name = "Supplier-1"; Value = "Digikey"; VariantName = "[No Variations]"
Added Component: Designator=R4(RES_0201)
Add component (AddParameter): Name = "Case/Package"; Value = "0201"; VariantName = "[No Variations]"
Add component (AddParameter): Name = "Manufacturer"; Value = "Stackpole Electronics Inc"; VariantName = "[No Variations]"
Add component (AddParameter): Name = "Manufacturer Part Number"; Value = "RMCF0201FT10K0"; VariantName = "[No Variations]"
Add component (AddParameter): Name = "Supplier-1"; Value = "Digikey"; VariantName = "[No Variations]"
Added Component: Designator=U1(FBGA200_SMD)
Add component (AddParameter): Name = "Case/Package"; Value = "FBGA 200b"; VariantName = "[No Variations]"
Add component (AddParameter): Name = "Manufacturer"; Value = "RAYSON"; VariantName = "[No Variations]"
Add component (AddParameter): Name = "Manufacturer Part Number"; Value = "RS512M32LZ4D2ANP-75BT"; VariantName = "[No Variations]"
Add component (AddParameter): Name = "Supplier-1"; Value = "RAYSON"; VariantName = "[No Variations]"
Added Component: Designator=U2(FBGA200_SMD)
Add component (AddParameter): Name = "Case/Package"; Value = "FBGA 200b"; VariantName = "[No Variations]"
Add component (AddParameter): Name = "Manufacturer"; Value = "RAYSON"; VariantName = "[No Variations]"
Add component (AddParameter): Name = "Manufacturer Part Number"; Value = "RS512M32LZ4D2ANP-75BT"; VariantName = "[No Variations]"
Add component (AddParameter): Name = "Supplier-1"; Value = "RAYSON"; VariantName = "[No Variations]"
Added Pin To Net: NetName=DDR0_A0 Pin=U1-H2
Added Net: Name=DDR0_A0
Added Pin To Net: NetName=DDR0_A1 Pin=U1-J2
Added Net: Name=DDR0_A1
Added Pin To Net: NetName=DDR0_A2 Pin=U1-H9
Added Net: Name=DDR0_A2
Added Pin To Net: NetName=DDR0_A3 Pin=U1-H10
Added Net: Name=DDR0_A3
Added Pin To Net: NetName=DDR0_A4 Pin=U1-H11
Added Net: Name=DDR0_A4
Added Pin To Net: NetName=DDR0_A5 Pin=U1-J11
Added Net: Name=DDR0_A5
Added Pin To Net: NetName=DDR0_CKE0 Pin=U1-P4
Added Net: Name=DDR0_CKE0
Added Pin To Net: NetName=DDR0_CKE1 Pin=U1-P5
Added Net: Name=DDR0_CKE1
Added Pin To Net: NetName=DDR0_CLKA_N Pin=U1-J9
Added Net: Name=DDR0_CLKA_N
Added Pin To Net: NetName=DDR0_CLKA_P Pin=U1-J8
Added Net: Name=DDR0_CLKA_P
Added Pin To Net: NetName=DDR0_CLKB_N Pin=U1-P9
Added Net: Name=DDR0_CLKB_N
Added Pin To Net: NetName=DDR0_CLKB_P Pin=U1-P8
Added Net: Name=DDR0_CLKB_P
Added Pin To Net: NetName=DDR0_CLKE0 Pin=U1-J4
Added Net: Name=DDR0_CLKE0
Added Pin To Net: NetName=DDR0_CLKE1 Pin=U1-J5
Added Net: Name=DDR0_CLKE1
Added Pin To Net: NetName=DDR0_CS0A Pin=U1-H4
Added Net: Name=DDR0_CS0A
Added Pin To Net: NetName=DDR0_CS1A Pin=U1-H3
Added Net: Name=DDR0_CS1A
Added Pin To Net: NetName=DDR0_CS2A Pin=U1-R4
Added Net: Name=DDR0_CS2A
Added Pin To Net: NetName=DDR0_CS3A Pin=U1-R3
Added Net: Name=DDR0_CS3A
Added Pin To Net: NetName=DDR0_D0 Pin=U1-B2
Added Net: Name=DDR0_D0
Added Pin To Net: NetName=DDR0_D1 Pin=U1-C2
Added Net: Name=DDR0_D1
Added Pin To Net: NetName=DDR0_D2 Pin=U1-E2
Added Net: Name=DDR0_D2
Added Pin To Net: NetName=DDR0_D3 Pin=U1-F2
Added Net: Name=DDR0_D3
Added Pin To Net: NetName=DDR0_D4 Pin=U1-F4
Added Net: Name=DDR0_D4
Added Pin To Net: NetName=DDR0_D5 Pin=U1-E4
Added Net: Name=DDR0_D5
Added Pin To Net: NetName=DDR0_D6 Pin=U1-C4
Added Net: Name=DDR0_D6
Added Pin To Net: NetName=DDR0_D7 Pin=U1-B4
Added Net: Name=DDR0_D7
Added Pin To Net: NetName=DDR0_D8 Pin=U1-B11
Added Net: Name=DDR0_D8
Added Pin To Net: NetName=DDR0_D9 Pin=U1-C11
Added Net: Name=DDR0_D9
Added Pin To Net: NetName=DDR0_D10 Pin=U1-E11
Added Net: Name=DDR0_D10
Added Pin To Net: NetName=DDR0_D11 Pin=U1-F11
Added Net: Name=DDR0_D11
Added Pin To Net: NetName=DDR0_D12 Pin=U1-F9
Added Net: Name=DDR0_D12
Added Pin To Net: NetName=DDR0_D13 Pin=U1-E9
Added Net: Name=DDR0_D13
Added Pin To Net: NetName=DDR0_D14 Pin=U1-C9
Added Net: Name=DDR0_D14
Added Pin To Net: NetName=DDR0_D15 Pin=U1-B9
Added Net: Name=DDR0_D15
Added Pin To Net: NetName=DDR0_D16 Pin=U1-AA2
Added Net: Name=DDR0_D16
Added Pin To Net: NetName=DDR0_D17 Pin=U1-Y2
Added Net: Name=DDR0_D17
Added Pin To Net: NetName=DDR0_D18 Pin=U1-V2
Added Net: Name=DDR0_D18
Added Pin To Net: NetName=DDR0_D19 Pin=U1-U2
Added Net: Name=DDR0_D19
Added Pin To Net: NetName=DDR0_D20 Pin=U1-U4
Added Net: Name=DDR0_D20
Added Pin To Net: NetName=DDR0_D21 Pin=U1-V4
Added Net: Name=DDR0_D21
Added Pin To Net: NetName=DDR0_D22 Pin=U1-Y4
Added Net: Name=DDR0_D22
Added Pin To Net: NetName=DDR0_D23 Pin=U1-AA4
Added Net: Name=DDR0_D23
Added Pin To Net: NetName=DDR0_D24 Pin=U1-AA11
Added Pin To Net: NetName=DDR0_D24 Pin=U1-R2
Added Net: Name=DDR0_D24
Added Pin To Net: NetName=DDR0_D25 Pin=U1-P2
Added Pin To Net: NetName=DDR0_D25 Pin=U1-Y11
Added Net: Name=DDR0_D25
Added Pin To Net: NetName=DDR0_D26 Pin=U1-R9
Added Pin To Net: NetName=DDR0_D26 Pin=U1-V11
Added Net: Name=DDR0_D26
Added Pin To Net: NetName=DDR0_D27 Pin=U1-R10
Added Pin To Net: NetName=DDR0_D27 Pin=U1-U11
Added Net: Name=DDR0_D27
Added Pin To Net: NetName=DDR0_D28 Pin=U1-R11
Added Pin To Net: NetName=DDR0_D28 Pin=U1-U9
Added Net: Name=DDR0_D28
Added Pin To Net: NetName=DDR0_D29 Pin=U1-P11
Added Pin To Net: NetName=DDR0_D29 Pin=U1-V9
Added Net: Name=DDR0_D29
Added Pin To Net: NetName=DDR0_D30 Pin=U1-Y9
Added Net: Name=DDR0_D30
Added Pin To Net: NetName=DDR0_D31 Pin=U1-AA9
Added Net: Name=DDR0_D31
Added Pin To Net: NetName=DDR0_DM0 Pin=U1-C3
Added Net: Name=DDR0_DM0
Added Pin To Net: NetName=DDR0_DM1 Pin=U1-C10
Added Net: Name=DDR0_DM1
Added Pin To Net: NetName=DDR0_DM2 Pin=U1-Y3
Added Net: Name=DDR0_DM2
Added Pin To Net: NetName=DDR0_DM3 Pin=U1-Y10
Added Net: Name=DDR0_DM3
Added Pin To Net: NetName=DDR0_DQS0_N Pin=U1-E3
Added Net: Name=DDR0_DQS0_N
Added Pin To Net: NetName=DDR0_DQS0_P Pin=U1-D3
Added Net: Name=DDR0_DQS0_P
Added Pin To Net: NetName=DDR0_DQS1_N Pin=U1-E10
Added Net: Name=DDR0_DQS1_N
Added Pin To Net: NetName=DDR0_DQS1_P Pin=U1-D10
Added Net: Name=DDR0_DQS1_P
Added Pin To Net: NetName=DDR0_DQS2_N Pin=U1-V3
Added Net: Name=DDR0_DQS2_N
Added Pin To Net: NetName=DDR0_DQS2_P Pin=U1-W3
Added Net: Name=DDR0_DQS2_P
Added Pin To Net: NetName=DDR0_DQS3_N Pin=U1-V10
Added Net: Name=DDR0_DQS3_N
Added Pin To Net: NetName=DDR0_DQS3_P Pin=U1-W10
Added Net: Name=DDR0_DQS3_P
Added Pin To Net: NetName=DDR0_RST Pin=U1-T11
Added Net: Name=DDR0_RST
Added Pin To Net: NetName=DDR1_A0 Pin=U2-H2
Added Pin To Net: NetName=DDR1_A0 Pin=U2-R2
Added Net: Name=DDR1_A0
Added Pin To Net: NetName=DDR1_A1 Pin=U2-J2
Added Pin To Net: NetName=DDR1_A1 Pin=U2-P2
Added Net: Name=DDR1_A1
Added Pin To Net: NetName=DDR1_A2 Pin=U2-H9
Added Pin To Net: NetName=DDR1_A2 Pin=U2-R9
Added Net: Name=DDR1_A2
Added Pin To Net: NetName=DDR1_A3 Pin=U2-H10
Added Pin To Net: NetName=DDR1_A3 Pin=U2-R10
Added Net: Name=DDR1_A3
Added Pin To Net: NetName=DDR1_A4 Pin=U2-H11
Added Pin To Net: NetName=DDR1_A4 Pin=U2-R11
Added Net: Name=DDR1_A4
Added Pin To Net: NetName=DDR1_A5 Pin=U2-J11
Added Pin To Net: NetName=DDR1_A5 Pin=U2-P11
Added Net: Name=DDR1_A5
Added Pin To Net: NetName=DDR1_CKE0 Pin=U2-J4
Added Pin To Net: NetName=DDR1_CKE0 Pin=U2-P4
Added Net: Name=DDR1_CKE0
Added Pin To Net: NetName=DDR1_CKE1 Pin=U2-J5
Added Pin To Net: NetName=DDR1_CKE1 Pin=U2-P5
Added Net: Name=DDR1_CKE1
Added Pin To Net: NetName=DDR1_CLK1_N Pin=U2-P9
Added Net: Name=DDR1_CLK1_N
Added Pin To Net: NetName=DDR1_CLK1_P Pin=U2-P8
Added Net: Name=DDR1_CLK1_P
Added Pin To Net: NetName=DDR1_CLK_N Pin=U2-J9
Added Net: Name=DDR1_CLK_N
Added Pin To Net: NetName=DDR1_CLK_P Pin=U2-J8
Added Net: Name=DDR1_CLK_P
Added Pin To Net: NetName=DDR1_CS0N Pin=U2-H4
Added Net: Name=DDR1_CS0N
Added Pin To Net: NetName=DDR1_CS1N Pin=U2-H3
Added Net: Name=DDR1_CS1N
Added Pin To Net: NetName=DDR1_CS2N Pin=U2-R4
Added Net: Name=DDR1_CS2N
Added Pin To Net: NetName=DDR1_CS3N Pin=U2-R3
Added Net: Name=DDR1_CS3N
Added Pin To Net: NetName=DDR1_D0 Pin=U2-B2
Added Net: Name=DDR1_D0
Added Pin To Net: NetName=DDR1_D1 Pin=U2-C2
Added Net: Name=DDR1_D1
Added Pin To Net: NetName=DDR1_D2 Pin=U2-E2
Added Net: Name=DDR1_D2
Added Pin To Net: NetName=DDR1_D3 Pin=U2-F2
Added Net: Name=DDR1_D3
Added Pin To Net: NetName=DDR1_D4 Pin=U2-F4
Added Net: Name=DDR1_D4
Added Pin To Net: NetName=DDR1_D5 Pin=U2-E4
Added Net: Name=DDR1_D5
Added Pin To Net: NetName=DDR1_D6 Pin=U2-C4
Added Net: Name=DDR1_D6
Added Pin To Net: NetName=DDR1_D7 Pin=U2-B4
Added Net: Name=DDR1_D7
Added Pin To Net: NetName=DDR1_D8 Pin=U2-B11
Added Net: Name=DDR1_D8
Added Pin To Net: NetName=DDR1_D9 Pin=U2-C11
Added Net: Name=DDR1_D9
Added Pin To Net: NetName=DDR1_D10 Pin=U2-E11
Added Net: Name=DDR1_D10
Added Pin To Net: NetName=DDR1_D11 Pin=U2-F11
Added Net: Name=DDR1_D11
Added Pin To Net: NetName=DDR1_D12 Pin=U2-F9
Added Net: Name=DDR1_D12
Added Pin To Net: NetName=DDR1_D13 Pin=U2-E9
Added Net: Name=DDR1_D13
Added Pin To Net: NetName=DDR1_D14 Pin=U2-C9
Added Net: Name=DDR1_D14
Added Pin To Net: NetName=DDR1_D15 Pin=U2-B9
Added Net: Name=DDR1_D15
Added Pin To Net: NetName=DDR1_D16 Pin=U2-AA2
Added Net: Name=DDR1_D16
Added Pin To Net: NetName=DDR1_D17 Pin=U2-Y2
Added Net: Name=DDR1_D17
Added Pin To Net: NetName=DDR1_D18 Pin=U2-V2
Added Net: Name=DDR1_D18
Added Pin To Net: NetName=DDR1_D19 Pin=U2-U2
Added Net: Name=DDR1_D19
Added Pin To Net: NetName=DDR1_D20 Pin=U2-U4
Added Net: Name=DDR1_D20
Added Pin To Net: NetName=DDR1_D21 Pin=U2-V4
Added Net: Name=DDR1_D21
Added Pin To Net: NetName=DDR1_D22 Pin=U2-Y4
Added Net: Name=DDR1_D22
Added Pin To Net: NetName=DDR1_D23 Pin=U2-AA4
Added Net: Name=DDR1_D23
Added Pin To Net: NetName=DDR1_D24 Pin=U2-AA11
Added Net: Name=DDR1_D24
Added Pin To Net: NetName=DDR1_D25 Pin=U2-Y11
Added Net: Name=DDR1_D25
Added Pin To Net: NetName=DDR1_D26 Pin=U2-V11
Added Net: Name=DDR1_D26
Added Pin To Net: NetName=DDR1_D27 Pin=U2-U11
Added Net: Name=DDR1_D27
Added Pin To Net: NetName=DDR1_D28 Pin=U2-U9
Added Net: Name=DDR1_D28
Added Pin To Net: NetName=DDR1_D29 Pin=U2-V9
Added Net: Name=DDR1_D29
Added Pin To Net: NetName=DDR1_D30 Pin=U2-Y9
Added Net: Name=DDR1_D30
Added Pin To Net: NetName=DDR1_D31 Pin=U2-AA9
Added Net: Name=DDR1_D31
Added Pin To Net: NetName=DDR1_DM0 Pin=U2-C3
Added Net: Name=DDR1_DM0
Added Pin To Net: NetName=DDR1_DM1 Pin=U2-C10
Added Net: Name=DDR1_DM1
Added Pin To Net: NetName=DDR1_DM2 Pin=U2-Y3
Added Net: Name=DDR1_DM2
Added Pin To Net: NetName=DDR1_DM3 Pin=U2-Y10
Added Net: Name=DDR1_DM3
Added Pin To Net: NetName=DDR1_DQS0_N Pin=U2-E3
Added Net: Name=DDR1_DQS0_N
Added Pin To Net: NetName=DDR1_DQS0_P Pin=U2-D3
Added Net: Name=DDR1_DQS0_P
Added Pin To Net: NetName=DDR1_DQS1_N Pin=U2-E10
Added Net: Name=DDR1_DQS1_N
Added Pin To Net: NetName=DDR1_DQS1_P Pin=U2-D10
Added Net: Name=DDR1_DQS1_P
Added Pin To Net: NetName=DDR1_DQS2_N Pin=U2-V3
Added Net: Name=DDR1_DQS2_N
Added Pin To Net: NetName=DDR1_DQS2_P Pin=U2-W3
Added Net: Name=DDR1_DQS2_P
Added Pin To Net: NetName=DDR1_DQS3_N Pin=U2-V10
Added Net: Name=DDR1_DQS3_N
Added Pin To Net: NetName=DDR1_DQS3_P Pin=U2-W10
Added Net: Name=DDR1_DQS3_P
Added Pin To Net: NetName=DDR1_RST Pin=U2-T11
Added Net: Name=DDR1_RST
Added Pin To Net: NetName=GND Pin=C1-1
Added Pin To Net: NetName=GND Pin=C2-1
Added Pin To Net: NetName=GND Pin=C3-1
Added Pin To Net: NetName=GND Pin=C4-1
Added Pin To Net: NetName=GND Pin=C5-1
Added Pin To Net: NetName=GND Pin=C6-1
Added Pin To Net: NetName=GND Pin=C7-1
Added Pin To Net: NetName=GND Pin=C8-1
Added Pin To Net: NetName=GND Pin=C9-1
Added Pin To Net: NetName=GND Pin=C10-1
Added Pin To Net: NetName=GND Pin=C11-1
Added Pin To Net: NetName=GND Pin=C12-1
Added Pin To Net: NetName=GND Pin=C13-1
Added Pin To Net: NetName=GND Pin=C14-1
Added Pin To Net: NetName=GND Pin=C15-1
Added Pin To Net: NetName=GND Pin=C16-1
Added Pin To Net: NetName=GND Pin=C17-1
Added Pin To Net: NetName=GND Pin=C18-1
Added Pin To Net: NetName=GND Pin=C19-1
Added Pin To Net: NetName=GND Pin=C20-1
Added Pin To Net: NetName=GND Pin=C21-1
Added Pin To Net: NetName=GND Pin=C22-1
Added Pin To Net: NetName=GND Pin=C23-1
Added Pin To Net: NetName=GND Pin=C24-1
Added Pin To Net: NetName=GND Pin=C25-1
Added Pin To Net: NetName=GND Pin=C26-1
Added Pin To Net: NetName=GND Pin=C27-1
Added Pin To Net: NetName=GND Pin=C28-1
Added Pin To Net: NetName=GND Pin=C29-1
Added Pin To Net: NetName=GND Pin=C30-1
Added Pin To Net: NetName=GND Pin=C31-1
Added Pin To Net: NetName=GND Pin=C32-1
Added Pin To Net: NetName=GND Pin=C33-1
Added Pin To Net: NetName=GND Pin=C34-1
Added Pin To Net: NetName=GND Pin=C35-1
Added Pin To Net: NetName=GND Pin=C36-1
Added Pin To Net: NetName=GND Pin=C37-1
Added Pin To Net: NetName=GND Pin=C38-1
Added Pin To Net: NetName=GND Pin=C39-1
Added Pin To Net: NetName=GND Pin=C40-1
Added Pin To Net: NetName=GND Pin=C41-1
Added Pin To Net: NetName=GND Pin=C42-1
Added Pin To Net: NetName=GND Pin=C43-1
Added Pin To Net: NetName=GND Pin=C44-1
Added Pin To Net: NetName=GND Pin=C45-1
Added Pin To Net: NetName=GND Pin=C46-1
Added Pin To Net: NetName=GND Pin=C47-1
Added Pin To Net: NetName=GND Pin=C48-1
Added Pin To Net: NetName=GND Pin=C49-1
Added Pin To Net: NetName=GND Pin=C50-1
Added Pin To Net: NetName=GND Pin=C51-1
Added Pin To Net: NetName=GND Pin=C52-1
Added Pin To Net: NetName=GND Pin=C53-1
Added Pin To Net: NetName=GND Pin=C54-1
Added Pin To Net: NetName=GND Pin=C55-1
Added Pin To Net: NetName=GND Pin=C56-1
Added Pin To Net: NetName=GND Pin=C57-1
Added Pin To Net: NetName=GND Pin=C58-1
Added Pin To Net: NetName=GND Pin=C59-1
Added Pin To Net: NetName=GND Pin=C60-1
Added Pin To Net: NetName=GND Pin=C61-1
Added Pin To Net: NetName=GND Pin=C62-1
Added Pin To Net: NetName=GND Pin=C63-1
Added Pin To Net: NetName=GND Pin=C64-1
Added Pin To Net: NetName=GND Pin=C65-1
Added Pin To Net: NetName=GND Pin=C66-1
Added Pin To Net: NetName=GND Pin=C67-1
Added Pin To Net: NetName=GND Pin=C68-1
Added Pin To Net: NetName=GND Pin=C69-1
Added Pin To Net: NetName=GND Pin=C70-1
Added Pin To Net: NetName=GND Pin=C71-1
Added Pin To Net: NetName=GND Pin=C72-1
Added Pin To Net: NetName=GND Pin=C73-1
Added Pin To Net: NetName=GND Pin=C74-1
Added Pin To Net: NetName=GND Pin=C75-1
Added Pin To Net: NetName=GND Pin=C76-1
Added Pin To Net: NetName=GND Pin=C77-1
Added Pin To Net: NetName=GND Pin=C78-1
Added Pin To Net: NetName=GND Pin=C79-1
Added Pin To Net: NetName=GND Pin=C80-1
Added Pin To Net: NetName=GND Pin=C81-1
Added Pin To Net: NetName=GND Pin=C82-1
Added Pin To Net: NetName=GND Pin=C83-1
Added Pin To Net: NetName=GND Pin=C84-1
Added Pin To Net: NetName=GND Pin=C85-1
Added Pin To Net: NetName=GND Pin=C86-1
Added Pin To Net: NetName=GND Pin=C87-1
Added Pin To Net: NetName=GND Pin=C88-1
Added Pin To Net: NetName=GND Pin=C89-1
Added Pin To Net: NetName=GND Pin=C90-1
Added Pin To Net: NetName=GND Pin=C91-1
Added Pin To Net: NetName=GND Pin=C92-1
Added Pin To Net: NetName=GND Pin=C93-1
Added Pin To Net: NetName=GND Pin=C94-1
Added Pin To Net: NetName=GND Pin=C95-1
Added Pin To Net: NetName=GND Pin=C96-1
Added Pin To Net: NetName=GND Pin=C97-1
Added Pin To Net: NetName=GND Pin=C98-1
Added Pin To Net: NetName=GND Pin=R2-1
Added Pin To Net: NetName=GND Pin=U1-A3
Added Pin To Net: NetName=GND Pin=U1-A10
Added Pin To Net: NetName=GND Pin=U1-AB3
Added Pin To Net: NetName=GND Pin=U1-AB5
Added Pin To Net: NetName=GND Pin=U1-AB8
Added Pin To Net: NetName=GND Pin=U1-AB10
Added Pin To Net: NetName=GND Pin=U1-C1
Added Pin To Net: NetName=GND Pin=U1-C5
Added Pin To Net: NetName=GND Pin=U1-C8
Added Pin To Net: NetName=GND Pin=U1-C12
Added Pin To Net: NetName=GND Pin=U1-D2
Added Pin To Net: NetName=GND Pin=U1-D4
Added Pin To Net: NetName=GND Pin=U1-D9
Added Pin To Net: NetName=GND Pin=U1-D11
Added Pin To Net: NetName=GND Pin=U1-E1
Added Pin To Net: NetName=GND Pin=U1-E5
Added Pin To Net: NetName=GND Pin=U1-E8
Added Pin To Net: NetName=GND Pin=U1-E12
Added Pin To Net: NetName=GND Pin=U1-G1
Added Pin To Net: NetName=GND Pin=U1-G3
Added Pin To Net: NetName=GND Pin=U1-G5
Added Pin To Net: NetName=GND Pin=U1-G8
Added Pin To Net: NetName=GND Pin=U1-G10
Added Pin To Net: NetName=GND Pin=U1-G12
Added Pin To Net: NetName=GND Pin=U1-J1
Added Pin To Net: NetName=GND Pin=U1-J3
Added Pin To Net: NetName=GND Pin=U1-J10
Added Pin To Net: NetName=GND Pin=U1-J12
Added Pin To Net: NetName=GND Pin=U1-K2
Added Pin To Net: NetName=GND Pin=U1-K4
Added Pin To Net: NetName=GND Pin=U1-K9
Added Pin To Net: NetName=GND Pin=U1-K11
Added Pin To Net: NetName=GND Pin=U1-N2
Added Pin To Net: NetName=GND Pin=U1-N4
Added Pin To Net: NetName=GND Pin=U1-N9
Added Pin To Net: NetName=GND Pin=U1-N11
Added Pin To Net: NetName=GND Pin=U1-P1
Added Pin To Net: NetName=GND Pin=U1-P3
Added Pin To Net: NetName=GND Pin=U1-P10
Added Pin To Net: NetName=GND Pin=U1-P12
Added Pin To Net: NetName=GND Pin=U1-T1
Added Pin To Net: NetName=GND Pin=U1-T3
Added Pin To Net: NetName=GND Pin=U1-T5
Added Pin To Net: NetName=GND Pin=U1-T8
Added Pin To Net: NetName=GND Pin=U1-T10
Added Pin To Net: NetName=GND Pin=U1-T12
Added Pin To Net: NetName=GND Pin=U1-V1
Added Pin To Net: NetName=GND Pin=U1-V5
Added Pin To Net: NetName=GND Pin=U1-V8
Added Pin To Net: NetName=GND Pin=U1-V12
Added Pin To Net: NetName=GND Pin=U1-W2
Added Pin To Net: NetName=GND Pin=U1-W4
Added Pin To Net: NetName=GND Pin=U1-W9
Added Pin To Net: NetName=GND Pin=U1-W11
Added Pin To Net: NetName=GND Pin=U1-Y1
Added Pin To Net: NetName=GND Pin=U1-Y5
Added Pin To Net: NetName=GND Pin=U1-Y8
Added Pin To Net: NetName=GND Pin=U1-Y12
Added Pin To Net: NetName=GND Pin=U2-A3
Added Pin To Net: NetName=GND Pin=U2-A10
Added Pin To Net: NetName=GND Pin=U2-AB3
Added Pin To Net: NetName=GND Pin=U2-AB5
Added Pin To Net: NetName=GND Pin=U2-AB8
Added Pin To Net: NetName=GND Pin=U2-AB10
Added Pin To Net: NetName=GND Pin=U2-C1
Added Pin To Net: NetName=GND Pin=U2-C5
Added Pin To Net: NetName=GND Pin=U2-C8
Added Pin To Net: NetName=GND Pin=U2-C12
Added Pin To Net: NetName=GND Pin=U2-D2
Added Pin To Net: NetName=GND Pin=U2-D4
Added Pin To Net: NetName=GND Pin=U2-D9
Added Pin To Net: NetName=GND Pin=U2-D11
Added Pin To Net: NetName=GND Pin=U2-E1
Added Pin To Net: NetName=GND Pin=U2-E5
Added Pin To Net: NetName=GND Pin=U2-E8
Added Pin To Net: NetName=GND Pin=U2-E12
Added Pin To Net: NetName=GND Pin=U2-G1
Added Pin To Net: NetName=GND Pin=U2-G3
Added Pin To Net: NetName=GND Pin=U2-G5
Added Pin To Net: NetName=GND Pin=U2-G8
Added Pin To Net: NetName=GND Pin=U2-G10
Added Pin To Net: NetName=GND Pin=U2-G12
Added Pin To Net: NetName=GND Pin=U2-J1
Added Pin To Net: NetName=GND Pin=U2-J3
Added Pin To Net: NetName=GND Pin=U2-J10
Added Pin To Net: NetName=GND Pin=U2-J12
Added Pin To Net: NetName=GND Pin=U2-K2
Added Pin To Net: NetName=GND Pin=U2-K4
Added Pin To Net: NetName=GND Pin=U2-K9
Added Pin To Net: NetName=GND Pin=U2-K11
Added Pin To Net: NetName=GND Pin=U2-N2
Added Pin To Net: NetName=GND Pin=U2-N4
Added Pin To Net: NetName=GND Pin=U2-N9
Added Pin To Net: NetName=GND Pin=U2-N11
Added Pin To Net: NetName=GND Pin=U2-P1
Added Pin To Net: NetName=GND Pin=U2-P3
Added Pin To Net: NetName=GND Pin=U2-P10
Added Pin To Net: NetName=GND Pin=U2-P12
Added Pin To Net: NetName=GND Pin=U2-T1
Added Pin To Net: NetName=GND Pin=U2-T3
Added Pin To Net: NetName=GND Pin=U2-T5
Added Pin To Net: NetName=GND Pin=U2-T8
Added Pin To Net: NetName=GND Pin=U2-T10
Added Pin To Net: NetName=GND Pin=U2-T12
Added Pin To Net: NetName=GND Pin=U2-V1
Added Pin To Net: NetName=GND Pin=U2-V5
Added Pin To Net: NetName=GND Pin=U2-V8
Added Pin To Net: NetName=GND Pin=U2-V12
Added Pin To Net: NetName=GND Pin=U2-W2
Added Pin To Net: NetName=GND Pin=U2-W4
Added Pin To Net: NetName=GND Pin=U2-W9
Added Pin To Net: NetName=GND Pin=U2-W11
Added Pin To Net: NetName=GND Pin=U2-Y1
Added Pin To Net: NetName=GND Pin=U2-Y5
Added Pin To Net: NetName=GND Pin=U2-Y8
Added Pin To Net: NetName=GND Pin=U2-Y12
Added Net: Name=GND
Added Pin To Net: NetName=NetR1_1 Pin=R1-1
Added Pin To Net: NetName=NetR1_1 Pin=U1-G2
Added Net: Name=NetR1_1
Added Pin To Net: NetName=NetR2_2 Pin=R2-2
Added Pin To Net: NetName=NetR2_2 Pin=U1-T2
Added Net: Name=NetR2_2
Added Pin To Net: NetName=NetR3_1 Pin=R3-1
Added Pin To Net: NetName=NetR3_1 Pin=U1-A5
Added Net: Name=NetR3_1
Added Pin To Net: NetName=NetR4_1 Pin=R4-1
Added Pin To Net: NetName=NetR4_1 Pin=U1-A8
Added Net: Name=NetR4_1
Added Pin To Net: NetName=NetR5_1 Pin=U2-G2
Added Net: Name=NetR5_1
Added Pin To Net: NetName=NetR6_2 Pin=U2-T2
Added Net: Name=NetR6_2
Added Pin To Net: NetName=NetR7_2 Pin=U2-A5
Added Net: Name=NetR7_2
Added Pin To Net: NetName=NetR8_2 Pin=U2-A8
Added Net: Name=NetR8_2
Added Pin To Net: NetName=VDD1 Pin=C21-2
Added Pin To Net: NetName=VDD1 Pin=C22-2
Added Pin To Net: NetName=VDD1 Pin=C23-2
Added Pin To Net: NetName=VDD1 Pin=C24-2
Added Pin To Net: NetName=VDD1 Pin=C25-2
Added Pin To Net: NetName=VDD1 Pin=C26-2
Added Pin To Net: NetName=VDD1 Pin=C27-2
Added Pin To Net: NetName=VDD1 Pin=C28-2
Added Pin To Net: NetName=VDD1 Pin=C29-2
Added Pin To Net: NetName=VDD1 Pin=C30-2
Added Pin To Net: NetName=VDD1 Pin=C31-2
Added Pin To Net: NetName=VDD1 Pin=C32-2
Added Pin To Net: NetName=VDD1 Pin=C33-2
Added Pin To Net: NetName=VDD1 Pin=C34-2
Added Pin To Net: NetName=VDD1 Pin=C35-2
Added Pin To Net: NetName=VDD1 Pin=C36-2
Added Pin To Net: NetName=VDD1 Pin=C37-2
Added Pin To Net: NetName=VDD1 Pin=C38-2
Added Pin To Net: NetName=VDD1 Pin=C39-2
Added Pin To Net: NetName=VDD1 Pin=C40-2
Added Pin To Net: NetName=VDD1 Pin=C61-2
Added Pin To Net: NetName=VDD1 Pin=C62-2
Added Pin To Net: NetName=VDD1 Pin=C63-2
Added Pin To Net: NetName=VDD1 Pin=C64-2
Added Pin To Net: NetName=VDD1 Pin=C65-2
Added Pin To Net: NetName=VDD1 Pin=C66-2
Added Pin To Net: NetName=VDD1 Pin=C67-2
Added Pin To Net: NetName=VDD1 Pin=C68-2
Added Pin To Net: NetName=VDD1 Pin=C69-2
Added Pin To Net: NetName=VDD1 Pin=C70-2
Added Pin To Net: NetName=VDD1 Pin=C90-2
Added Pin To Net: NetName=VDD1 Pin=C91-2
Added Pin To Net: NetName=VDD1 Pin=C92-2
Added Pin To Net: NetName=VDD1 Pin=C93-2
Added Pin To Net: NetName=VDD1 Pin=C94-2
Added Pin To Net: NetName=VDD1 Pin=C95-2
Added Pin To Net: NetName=VDD1 Pin=C96-2
Added Pin To Net: NetName=VDD1 Pin=C97-2
Added Pin To Net: NetName=VDD1 Pin=C98-2
Added Pin To Net: NetName=VDD1 Pin=U1-F1
Added Pin To Net: NetName=VDD1 Pin=U1-F12
Added Pin To Net: NetName=VDD1 Pin=U1-G4
Added Pin To Net: NetName=VDD1 Pin=U1-G9
Added Pin To Net: NetName=VDD1 Pin=U1-T4
Added Pin To Net: NetName=VDD1 Pin=U1-T9
Added Pin To Net: NetName=VDD1 Pin=U1-U1
Added Pin To Net: NetName=VDD1 Pin=U1-U12
Added Pin To Net: NetName=VDD1 Pin=U2-F1
Added Pin To Net: NetName=VDD1 Pin=U2-F12
Added Pin To Net: NetName=VDD1 Pin=U2-G4
Added Pin To Net: NetName=VDD1 Pin=U2-G9
Added Pin To Net: NetName=VDD1 Pin=U2-T4
Added Pin To Net: NetName=VDD1 Pin=U2-T9
Added Pin To Net: NetName=VDD1 Pin=U2-U1
Added Pin To Net: NetName=VDD1 Pin=U2-U12
Added Net: Name=VDD1
Added Pin To Net: NetName=VDD2 Pin=C41-2
Added Pin To Net: NetName=VDD2 Pin=C42-2
Added Pin To Net: NetName=VDD2 Pin=C43-2
Added Pin To Net: NetName=VDD2 Pin=C44-2
Added Pin To Net: NetName=VDD2 Pin=C45-2
Added Pin To Net: NetName=VDD2 Pin=C46-2
Added Pin To Net: NetName=VDD2 Pin=C47-2
Added Pin To Net: NetName=VDD2 Pin=C48-2
Added Pin To Net: NetName=VDD2 Pin=C49-2
Added Pin To Net: NetName=VDD2 Pin=C50-2
Added Pin To Net: NetName=VDD2 Pin=C71-2
Added Pin To Net: NetName=VDD2 Pin=C72-2
Added Pin To Net: NetName=VDD2 Pin=C73-2
Added Pin To Net: NetName=VDD2 Pin=C74-2
Added Pin To Net: NetName=VDD2 Pin=C75-2
Added Pin To Net: NetName=VDD2 Pin=C76-2
Added Pin To Net: NetName=VDD2 Pin=C77-2
Added Pin To Net: NetName=VDD2 Pin=C78-2
Added Pin To Net: NetName=VDD2 Pin=C79-2
Added Pin To Net: NetName=VDD2 Pin=C80-2
Added Pin To Net: NetName=VDD2 Pin=U1-A4
Added Pin To Net: NetName=VDD2 Pin=U1-A9
Added Pin To Net: NetName=VDD2 Pin=U1-AB4
Added Pin To Net: NetName=VDD2 Pin=U1-AB9
Added Pin To Net: NetName=VDD2 Pin=U1-F5
Added Pin To Net: NetName=VDD2 Pin=U1-F8
Added Pin To Net: NetName=VDD2 Pin=U1-H1
Added Pin To Net: NetName=VDD2 Pin=U1-H5
Added Pin To Net: NetName=VDD2 Pin=U1-H8
Added Pin To Net: NetName=VDD2 Pin=U1-H12
Added Pin To Net: NetName=VDD2 Pin=U1-K1
Added Pin To Net: NetName=VDD2 Pin=U1-K3
Added Pin To Net: NetName=VDD2 Pin=U1-K10
Added Pin To Net: NetName=VDD2 Pin=U1-K12
Added Pin To Net: NetName=VDD2 Pin=U1-N1
Added Pin To Net: NetName=VDD2 Pin=U1-N3
Added Pin To Net: NetName=VDD2 Pin=U1-N10
Added Pin To Net: NetName=VDD2 Pin=U1-N12
Added Pin To Net: NetName=VDD2 Pin=U1-R1
Added Pin To Net: NetName=VDD2 Pin=U1-R5
Added Pin To Net: NetName=VDD2 Pin=U1-R8
Added Pin To Net: NetName=VDD2 Pin=U1-R12
Added Pin To Net: NetName=VDD2 Pin=U1-U5
Added Pin To Net: NetName=VDD2 Pin=U1-U8
Added Pin To Net: NetName=VDD2 Pin=U2-A4
Added Pin To Net: NetName=VDD2 Pin=U2-A9
Added Pin To Net: NetName=VDD2 Pin=U2-AB4
Added Pin To Net: NetName=VDD2 Pin=U2-AB9
Added Pin To Net: NetName=VDD2 Pin=U2-F5
Added Pin To Net: NetName=VDD2 Pin=U2-F8
Added Pin To Net: NetName=VDD2 Pin=U2-H1
Added Pin To Net: NetName=VDD2 Pin=U2-H5
Added Pin To Net: NetName=VDD2 Pin=U2-H8
Added Pin To Net: NetName=VDD2 Pin=U2-H12
Added Pin To Net: NetName=VDD2 Pin=U2-K1
Added Pin To Net: NetName=VDD2 Pin=U2-K3
Added Pin To Net: NetName=VDD2 Pin=U2-K10
Added Pin To Net: NetName=VDD2 Pin=U2-K12
Added Pin To Net: NetName=VDD2 Pin=U2-N1
Added Pin To Net: NetName=VDD2 Pin=U2-N3
Added Pin To Net: NetName=VDD2 Pin=U2-N10
Added Pin To Net: NetName=VDD2 Pin=U2-N12
Added Pin To Net: NetName=VDD2 Pin=U2-R1
Added Pin To Net: NetName=VDD2 Pin=U2-R5
Added Pin To Net: NetName=VDD2 Pin=U2-R8
Added Pin To Net: NetName=VDD2 Pin=U2-R12
Added Pin To Net: NetName=VDD2 Pin=U2-U5
Added Pin To Net: NetName=VDD2 Pin=U2-U8
Added Net: Name=VDD2
Added Pin To Net: NetName=VDDQ Pin=C1-2
Added Pin To Net: NetName=VDDQ Pin=C2-2
Added Pin To Net: NetName=VDDQ Pin=C3-2
Added Pin To Net: NetName=VDDQ Pin=C4-2
Added Pin To Net: NetName=VDDQ Pin=C5-2
Added Pin To Net: NetName=VDDQ Pin=C6-2
Added Pin To Net: NetName=VDDQ Pin=C7-2
Added Pin To Net: NetName=VDDQ Pin=C8-2
Added Pin To Net: NetName=VDDQ Pin=C9-2
Added Pin To Net: NetName=VDDQ Pin=C10-2
Added Pin To Net: NetName=VDDQ Pin=C11-2
Added Pin To Net: NetName=VDDQ Pin=C12-2
Added Pin To Net: NetName=VDDQ Pin=C13-2
Added Pin To Net: NetName=VDDQ Pin=C14-2
Added Pin To Net: NetName=VDDQ Pin=C15-2
Added Pin To Net: NetName=VDDQ Pin=C16-2
Added Pin To Net: NetName=VDDQ Pin=C17-2
Added Pin To Net: NetName=VDDQ Pin=C18-2
Added Pin To Net: NetName=VDDQ Pin=C19-2
Added Pin To Net: NetName=VDDQ Pin=C20-2
Added Pin To Net: NetName=VDDQ Pin=C51-2
Added Pin To Net: NetName=VDDQ Pin=C52-2
Added Pin To Net: NetName=VDDQ Pin=C53-2
Added Pin To Net: NetName=VDDQ Pin=C54-2
Added Pin To Net: NetName=VDDQ Pin=C55-2
Added Pin To Net: NetName=VDDQ Pin=C56-2
Added Pin To Net: NetName=VDDQ Pin=C57-2
Added Pin To Net: NetName=VDDQ Pin=C58-2
Added Pin To Net: NetName=VDDQ Pin=C59-2
Added Pin To Net: NetName=VDDQ Pin=C60-2
Added Pin To Net: NetName=VDDQ Pin=C81-2
Added Pin To Net: NetName=VDDQ Pin=C82-2
Added Pin To Net: NetName=VDDQ Pin=C83-2
Added Pin To Net: NetName=VDDQ Pin=C84-2
Added Pin To Net: NetName=VDDQ Pin=C85-2
Added Pin To Net: NetName=VDDQ Pin=C86-2
Added Pin To Net: NetName=VDDQ Pin=C87-2
Added Pin To Net: NetName=VDDQ Pin=C88-2
Added Pin To Net: NetName=VDDQ Pin=C89-2
Added Pin To Net: NetName=VDDQ Pin=R1-2
Added Pin To Net: NetName=VDDQ Pin=R3-2
Added Pin To Net: NetName=VDDQ Pin=R4-2
Added Pin To Net: NetName=VDDQ Pin=U1-AA3
Added Pin To Net: NetName=VDDQ Pin=U1-AA5
Added Pin To Net: NetName=VDDQ Pin=U1-AA8
Added Pin To Net: NetName=VDDQ Pin=U1-AA10
Added Pin To Net: NetName=VDDQ Pin=U1-B3
Added Pin To Net: NetName=VDDQ Pin=U1-B5
Added Pin To Net: NetName=VDDQ Pin=U1-B8
Added Pin To Net: NetName=VDDQ Pin=U1-B10
Added Pin To Net: NetName=VDDQ Pin=U1-D1
Added Pin To Net: NetName=VDDQ Pin=U1-D5
Added Pin To Net: NetName=VDDQ Pin=U1-D8
Added Pin To Net: NetName=VDDQ Pin=U1-D12
Added Pin To Net: NetName=VDDQ Pin=U1-F3
Added Pin To Net: NetName=VDDQ Pin=U1-F10
Added Pin To Net: NetName=VDDQ Pin=U1-U3
Added Pin To Net: NetName=VDDQ Pin=U1-U10
Added Pin To Net: NetName=VDDQ Pin=U1-W1
Added Pin To Net: NetName=VDDQ Pin=U1-W5
Added Pin To Net: NetName=VDDQ Pin=U1-W8
Added Pin To Net: NetName=VDDQ Pin=U1-W12
Added Pin To Net: NetName=VDDQ Pin=U2-AA3
Added Pin To Net: NetName=VDDQ Pin=U2-AA5
Added Pin To Net: NetName=VDDQ Pin=U2-AA8
Added Pin To Net: NetName=VDDQ Pin=U2-AA10
Added Pin To Net: NetName=VDDQ Pin=U2-B3
Added Pin To Net: NetName=VDDQ Pin=U2-B5
Added Pin To Net: NetName=VDDQ Pin=U2-B8
Added Pin To Net: NetName=VDDQ Pin=U2-B10
Added Pin To Net: NetName=VDDQ Pin=U2-D1
Added Pin To Net: NetName=VDDQ Pin=U2-D5
Added Pin To Net: NetName=VDDQ Pin=U2-D8
Added Pin To Net: NetName=VDDQ Pin=U2-D12
Added Pin To Net: NetName=VDDQ Pin=U2-F3
Added Pin To Net: NetName=VDDQ Pin=U2-F10
Added Pin To Net: NetName=VDDQ Pin=U2-U3
Added Pin To Net: NetName=VDDQ Pin=U2-U10
Added Pin To Net: NetName=VDDQ Pin=U2-W1
Added Pin To Net: NetName=VDDQ Pin=U2-W5
Added Pin To Net: NetName=VDDQ Pin=U2-W8
Added Pin To Net: NetName=VDDQ Pin=U2-W12
Added Net: Name=VDDQ
Added Class: Name=Sheet4
Added Class: Name=SoM
Added Room: Name=Sheet4
Added Room: Name=SoM
